==> Concretized cmake
[+]  r4mqr6d  cmake@3.27.9%gcc@10.2.1~doc+ncurses+ownlibs build_system=generic build_type=Release arch=linux-centos7-x86_64
[+]  qhtdxk7      ^curl@8.6.0%gcc@10.2.1~gssapi~ldap~libidn2~librtmp~libssh~libssh2+nghttp2 build_system=autotools libs=shared,static tls=openssl arch=linux-centos7-x86_64
[+]  zxseyz7          ^nghttp2@1.57.0%gcc@10.2.1 build_system=autotools arch=linux-centos7-x86_64
[+]  yda47ng          ^openssl@3.2.1%gcc@10.2.1~docs+shared build_system=generic certs=mozilla arch=linux-centos7-x86_64
[-]  4nk2dik              ^ca-certificates-mozilla@2023-05-30%gcc@10.2.1 build_system=generic arch=linux-centos7-x86_64
[-]  w4fp4nu              ^perl@5.38.0%gcc@10.2.1+cpanm+opcode+open+shared+threads build_system=generic patches=714e4d1 arch=linux-centos7-x86_64
[-]  zesgtch                  ^berkeley-db@18.1.40%gcc@10.2.1+cxx~docs+stl build_system=autotools patches=26090f4,b231fcc arch=linux-centos7-x86_64
[-]  iwh54fd                  ^bzip2@1.0.8%gcc@10.2.1~debug~pic+shared build_system=generic arch=linux-centos7-x86_64
[-]  krkuzrn                      ^diffutils@3.10%gcc@10.2.1 build_system=autotools arch=linux-centos7-x86_64
[+]  qicpkj5                          ^libiconv@1.17%gcc@10.2.1 build_system=autotools libs=shared,static arch=linux-centos7-x86_64
[-]  elgkbpe                  ^gdbm@1.23%gcc@10.2.1 build_system=autotools arch=linux-centos7-x86_64
[-]  b65nydx                      ^readline@8.2%gcc@10.2.1 build_system=autotools patches=bbf97f1 arch=linux-centos7-x86_64
[-]  picio7f          ^pkgconf@1.9.5%gcc@10.2.1 build_system=autotools arch=linux-centos7-x86_64
[+]  7pljae7      ^gcc-runtime@10.2.1%gcc@10.2.1 build_system=generic arch=linux-centos7-x86_64
[+]  cjzqowm      ^gmake@4.4.1%gcc@10.2.1~guile build_system=generic arch=linux-centos7-x86_64
[+]  jzx2ss6      ^ncurses@6.4%gcc@10.2.1~symlinks+termlib abi=none build_system=autotools patches=7a351bc arch=linux-centos7-x86_64
[+]  x7tfsxy      ^zlib-ng@2.1.6%gcc@10.2.1+compat+new_strategies+opt+pic+shared build_system=autotools arch=linux-centos7-x86_64

==> Concretized gmake
[+]  cjzqowm  gmake@4.4.1%gcc@10.2.1~guile build_system=generic arch=linux-centos7-x86_64
[+]  7pljae7      ^gcc-runtime@10.2.1%gcc@10.2.1 build_system=generic arch=linux-centos7-x86_64

==> Concretized gnupg
[+]  p3kt62q  gnupg@2.4.5%gcc@10.2.1 build_system=autotools arch=linux-centos7-x86_64
[+]  7pljae7      ^gcc-runtime@10.2.1%gcc@10.2.1 build_system=generic arch=linux-centos7-x86_64
[+]  cjzqowm      ^gmake@4.4.1%gcc@10.2.1~guile build_system=generic arch=linux-centos7-x86_64
[+]  xh2xmrj      ^libassuan@2.5.7%gcc@10.2.1 build_system=autotools arch=linux-centos7-x86_64
[+]  trtefjh      ^libgcrypt@1.10.3%gcc@10.2.1 build_system=autotools arch=linux-centos7-x86_64
[+]  guu3uxq      ^libgpg-error@1.48%gcc@10.2.1 build_system=autotools arch=linux-centos7-x86_64
[-]  dnabdme          ^gawk@5.3.0%gcc@10.2.1~nls build_system=autotools arch=linux-centos7-x86_64
[-]  gxmq3qa              ^gmp@6.2.1%gcc@10.2.1+cxx build_system=autotools libs=shared,static patches=69ad2e2 arch=linux-centos7-x86_64
[-]  clkwnbz                  ^autoconf@2.72%gcc@10.2.1 build_system=autotools arch=linux-centos7-x86_64
[-]  w4fp4nu                      ^perl@5.38.0%gcc@10.2.1+cpanm+opcode+open+shared+threads build_system=generic patches=714e4d1 arch=linux-centos7-x86_64
[-]  zesgtch                          ^berkeley-db@18.1.40%gcc@10.2.1+cxx~docs+stl build_system=autotools patches=26090f4,b231fcc arch=linux-centos7-x86_64
[-]  iwh54fd                          ^bzip2@1.0.8%gcc@10.2.1~debug~pic+shared build_system=generic arch=linux-centos7-x86_64
[-]  elgkbpe                          ^gdbm@1.23%gcc@10.2.1 build_system=autotools arch=linux-centos7-x86_64
[-]  leyvmk3                  ^automake@1.16.5%gcc@10.2.1 build_system=autotools arch=linux-centos7-x86_64
[-]  2erizx3                  ^libtool@2.4.7%gcc@10.2.1 build_system=autotools arch=linux-centos7-x86_64
[-]  okrcmlz                      ^findutils@4.9.0%gcc@10.2.1 build_system=autotools patches=440b954 arch=linux-centos7-x86_64
[-]  gamczrk                  ^m4@1.4.19%gcc@10.2.1+sigsegv build_system=autotools patches=9dc5fbd,bfdffa7 arch=linux-centos7-x86_64
[-]  krkuzrn                      ^diffutils@3.10%gcc@10.2.1 build_system=autotools arch=linux-centos7-x86_64
[-]  ib7maja              ^libsigsegv@2.14%gcc@10.2.1 build_system=autotools arch=linux-centos7-x86_64
[-]  dqoqfhs              ^mpfr@4.2.1%gcc@10.2.1 build_system=autotools libs=shared,static arch=linux-centos7-x86_64
[-]  he63v5u                  ^autoconf-archive@2023.02.20%gcc@10.2.1 build_system=autotools arch=linux-centos7-x86_64
[-]  6iauxgh                  ^texinfo@7.0.3%gcc@10.2.1 build_system=autotools arch=linux-centos7-x86_64
[-]  7u55m6r                      ^gettext@0.22.4%gcc@10.2.1+bzip2+curses+git~libunistring+libxml2+pic+shared+tar+xz build_system=autotools arch=linux-centos7-x86_64
[-]  zcolvi3                          ^libxml2@2.10.3%gcc@10.2.1+pic~python+shared build_system=autotools arch=linux-centos7-x86_64
[-]  tqktyaz                          ^tar@1.34%gcc@10.2.1 build_system=autotools zip=pigz arch=linux-centos7-x86_64
[-]  qwnpcrs                              ^pigz@2.8%gcc@10.2.1 build_system=makefile arch=linux-centos7-x86_64
[-]  lnnpo2b                              ^zstd@1.5.5%gcc@10.2.1+programs build_system=makefile compression=none libs=shared,static arch=linux-centos7-x86_64
[-]  fy4v63b                          ^xz@5.4.6%gcc@10.2.1~pic build_system=autotools libs=shared,static arch=linux-centos7-x86_64
[-]  b65nydx              ^readline@8.2%gcc@10.2.1 build_system=autotools patches=bbf97f1 arch=linux-centos7-x86_64
[+]  jzx2ss6                  ^ncurses@6.4%gcc@10.2.1~symlinks+termlib abi=none build_system=autotools patches=7a351bc arch=linux-centos7-x86_64
[-]  picio7f                      ^pkgconf@1.9.5%gcc@10.2.1 build_system=autotools arch=linux-centos7-x86_64
[+]  qicpkj5      ^libiconv@1.17%gcc@10.2.1 build_system=autotools libs=shared,static arch=linux-centos7-x86_64
[+]  njrwu6c      ^libksba@1.6.6%gcc@10.2.1 build_system=autotools arch=linux-centos7-x86_64
[+]  y2f46rs      ^npth@1.6%gcc@10.2.1 build_system=autotools arch=linux-centos7-x86_64
[+]  s2ey6ef      ^pinentry@1.3.0%gcc@10.2.1 build_system=autotools gui=tty arch=linux-centos7-x86_64
[+]  x7tfsxy      ^zlib-ng@2.1.6%gcc@10.2.1+compat+new_strategies+opt+pic+shared build_system=autotools arch=linux-centos7-x86_64

==> Concretized libtree
[+]  j2rzjab  libtree@3.1.1%gcc@10.2.1 build_system=makefile arch=linux-centos7-x86_64
[+]  7pljae7      ^gcc-runtime@10.2.1%gcc@10.2.1 build_system=generic arch=linux-centos7-x86_64
[+]  cjzqowm      ^gmake@4.4.1%gcc@10.2.1~guile build_system=generic arch=linux-centos7-x86_64

==> Concretized ninja
[+]  3u2z3xo  ninja@1.11.1%gcc@10.2.1+re2c build_system=generic arch=linux-centos7-x86_64
[+]  7pljae7      ^gcc-runtime@10.2.1%gcc@10.2.1 build_system=generic arch=linux-centos7-x86_64
[-]  ndyl7g5      ^python@3.11.7%gcc@10.2.1+bz2+crypt+ctypes+dbm~debug+libxml2+lzma~nis~optimizations+pic+pyexpat+pythoncmd+readline+shared+sqlite3+ssl~tkinter+uuid+zlib build_system=generic patches=13fa8bf,b0615b2,ebdca64,f2fd060 arch=linux-centos7-x86_64
[-]  iwh54fd          ^bzip2@1.0.8%gcc@10.2.1~debug~pic+shared build_system=generic arch=linux-centos7-x86_64
[-]  krkuzrn              ^diffutils@3.10%gcc@10.2.1 build_system=autotools arch=linux-centos7-x86_64
[-]  qc2t7kw          ^expat@2.6.2%gcc@10.2.1+libbsd build_system=autotools arch=linux-centos7-x86_64
[-]  y7q3nrj              ^libbsd@0.12.1%gcc@10.2.1 build_system=autotools arch=linux-centos7-x86_64
[-]  qrzh7t7                  ^libmd@1.0.4%gcc@10.2.1 build_system=autotools arch=linux-centos7-x86_64
[-]  elgkbpe          ^gdbm@1.23%gcc@10.2.1 build_system=autotools arch=linux-centos7-x86_64
[-]  7u55m6r          ^gettext@0.22.4%gcc@10.2.1+bzip2+curses+git~libunistring+libxml2+pic+shared+tar+xz build_system=autotools arch=linux-centos7-x86_64
[+]  qicpkj5              ^libiconv@1.17%gcc@10.2.1 build_system=autotools libs=shared,static arch=linux-centos7-x86_64
[-]  zcolvi3              ^libxml2@2.10.3%gcc@10.2.1+pic~python+shared build_system=autotools arch=linux-centos7-x86_64
[-]  tqktyaz              ^tar@1.34%gcc@10.2.1 build_system=autotools zip=pigz arch=linux-centos7-x86_64
[-]  qwnpcrs                  ^pigz@2.8%gcc@10.2.1 build_system=makefile arch=linux-centos7-x86_64
[-]  lnnpo2b                  ^zstd@1.5.5%gcc@10.2.1+programs build_system=makefile compression=none libs=shared,static arch=linux-centos7-x86_64
[+]  cjzqowm          ^gmake@4.4.1%gcc@10.2.1~guile build_system=generic arch=linux-centos7-x86_64
[-]  p44jfja          ^libffi@3.4.6%gcc@10.2.1 build_system=autotools arch=linux-centos7-x86_64
[-]  coos5pg          ^libxcrypt@4.4.35%gcc@10.2.1~obsolete_api build_system=autotools patches=4885da3 arch=linux-centos7-x86_64
[-]  w4fp4nu              ^perl@5.38.0%gcc@10.2.1+cpanm+opcode+open+shared+threads build_system=generic patches=714e4d1 arch=linux-centos7-x86_64
[-]  zesgtch                  ^berkeley-db@18.1.40%gcc@10.2.1+cxx~docs+stl build_system=autotools patches=26090f4,b231fcc arch=linux-centos7-x86_64
[+]  jzx2ss6          ^ncurses@6.4%gcc@10.2.1~symlinks+termlib abi=none build_system=autotools patches=7a351bc arch=linux-centos7-x86_64
[+]  yda47ng          ^openssl@3.2.1%gcc@10.2.1~docs+shared build_system=generic certs=mozilla arch=linux-centos7-x86_64
[-]  4nk2dik              ^ca-certificates-mozilla@2023-05-30%gcc@10.2.1 build_system=generic arch=linux-centos7-x86_64
[-]  picio7f          ^pkgconf@1.9.5%gcc@10.2.1 build_system=autotools arch=linux-centos7-x86_64
[-]  b65nydx          ^readline@8.2%gcc@10.2.1 build_system=autotools patches=bbf97f1 arch=linux-centos7-x86_64
[-]  sibu47w          ^sqlite@3.43.2%gcc@10.2.1+column_metadata+dynamic_extensions+fts~functions+rtree build_system=autotools arch=linux-centos7-x86_64
[-]  g5a7elk          ^util-linux-uuid@2.38.1%gcc@10.2.1 build_system=autotools arch=linux-centos7-x86_64
[-]  fy4v63b          ^xz@5.4.6%gcc@10.2.1~pic build_system=autotools libs=shared,static arch=linux-centos7-x86_64
[+]  x7tfsxy          ^zlib-ng@2.1.6%gcc@10.2.1+compat+new_strategies+opt+pic+shared build_system=autotools arch=linux-centos7-x86_64
[-]  fim7fui      ^re2c@2.2%gcc@10.2.1 build_system=generic arch=linux-centos7-x86_64

==> Concretized patchelf
[+]  rlj2twj  patchelf@0.17.2%gcc@10.2.1 build_system=autotools arch=linux-centos7-x86_64
[+]  7pljae7      ^gcc-runtime@10.2.1%gcc@10.2.1 build_system=generic arch=linux-centos7-x86_64
[+]  cjzqowm      ^gmake@4.4.1%gcc@10.2.1~guile build_system=generic arch=linux-centos7-x86_64

